
C:\Users\mtryby\Workspace\GitRepo\michaeltryby\epanet\build>git rev-parse HEAD
80fe19e7ef8fbb06d6a7126fd4ff74d0154a7242

C:\Users\mtryby\Workspace\GitRepo\michaeltryby\epanet\build>ctest -C Release
Test project C:/Users/mtryby/Workspace/GitRepo/michaeltryby/epanet/build
    Start 1: test_toolkit
1/7 Test #1: test_toolkit .....................   Passed    2.12 sec
    Start 2: test_net_builder
2/7 Test #2: test_net_builder .................   Passed    1.06 sec
    Start 3: test_reent
3/7 Test #3: test_reent .......................   Passed    0.86 sec
    Start 4: test_cstrhelper
4/7 Test #4: test_cstrhelper ..................   Passed    0.53 sec
    Start 5: test_errormanager
5/7 Test #5: test_errormanager ................   Passed    0.52 sec
    Start 6: test_filemanager
6/7 Test #6: test_filemanager .................   Passed    0.78 sec
    Start 7: test_output
7/7 Test #7: test_output ......................   Passed    0.78 sec

100% tests passed, 0 tests failed out of 7

Total Test time (real) =   6.97 sec
